CRITICAL - 2022-12-24 20:42:43 --> include( ): Failed to open stream: Permission denied
in APPPATH\Views\dashboard\registroP.php on line 15.
 1 APPPATH\Views\dashboard\registroP.php(15): CodeIgniter\Debug\Exceptions->errorHandler(2, 'include( ): Failed to open stream: Permission denied', 'APPPATH\\Views\\dashboard\\registroP.php', 15)
 2 APPPATH\Views\dashboard\registroP.php(15): include()
 3 SYSTEMPATH\View\View.php(213): include('APPPATH\\Views\\dashboard\\registroP.php')
 4 SYSTEMPATH\View\View.php(216): CodeIgniter\View\View->CodeIgniter\View\{closure}()
 5 SYSTEMPATH\Common.php(1134): CodeIgniter\View\View->render('dashboard/registroP', [], true)
 6 APPPATH\Controllers\dashboard\piController.php(74): view('dashboard/registroP')
 7 SYSTEMPATH\CodeIgniter.php(927): App\Controllers\dashboard\piController->registrarPatente()
 8 SYSTEMPATH\CodeIgniter.php(482): CodeIgniter\CodeIgniter->runController(Object(App\Controllers\dashboard\piController))
 9 SYSTEMPATH\CodeIgniter.php(351): CodeIgniter\CodeIgniter->handleRequest(null, Object(Config\Cache), false)
10 FCPATH\index.php(67): CodeIgniter\CodeIgniter->run()
CRITICAL - 2022-12-24 20:44:55 --> include( ): Failed to open stream: Permission denied
in APPPATH\Views\dashboard\registroP.php on line 15.
 1 APPPATH\Views\dashboard\registroP.php(15): CodeIgniter\Debug\Exceptions->errorHandler(2, 'include( ): Failed to open stream: Permission denied', 'APPPATH\\Views\\dashboard\\registroP.php', 15)
 2 APPPATH\Views\dashboard\registroP.php(15): include()
 3 SYSTEMPATH\View\View.php(213): include('APPPATH\\Views\\dashboard\\registroP.php')
 4 SYSTEMPATH\View\View.php(216): CodeIgniter\View\View->CodeIgniter\View\{closure}()
 5 SYSTEMPATH\Common.php(1134): CodeIgniter\View\View->render('dashboard/registroP', [], true)
 6 APPPATH\Controllers\dashboard\piController.php(74): view('dashboard/registroP')
 7 SYSTEMPATH\CodeIgniter.php(927): App\Controllers\dashboard\piController->registrarPatente()
 8 SYSTEMPATH\CodeIgniter.php(482): CodeIgniter\CodeIgniter->runController(Object(App\Controllers\dashboard\piController))
 9 SYSTEMPATH\CodeIgniter.php(351): CodeIgniter\CodeIgniter->handleRequest(null, Object(Config\Cache), false)
10 FCPATH\index.php(67): CodeIgniter\CodeIgniter->run()
CRITICAL - 2022-12-24 20:45:14 --> include( ): Failed to open stream: Permission denied
in APPPATH\Views\dashboard\registroP.php on line 15.
 1 APPPATH\Views\dashboard\registroP.php(15): CodeIgniter\Debug\Exceptions->errorHandler(2, 'include( ): Failed to open stream: Permission denied', 'APPPATH\\Views\\dashboard\\registroP.php', 15)
 2 APPPATH\Views\dashboard\registroP.php(15): include()
 3 SYSTEMPATH\View\View.php(213): include('APPPATH\\Views\\dashboard\\registroP.php')
 4 SYSTEMPATH\View\View.php(216): CodeIgniter\View\View->CodeIgniter\View\{closure}()
 5 SYSTEMPATH\Common.php(1134): CodeIgniter\View\View->render('dashboard/registroP', [], true)
 6 APPPATH\Controllers\dashboard\piController.php(74): view('dashboard/registroP')
 7 SYSTEMPATH\CodeIgniter.php(927): App\Controllers\dashboard\piController->registrarPatente()
 8 SYSTEMPATH\CodeIgniter.php(482): CodeIgniter\CodeIgniter->runController(Object(App\Controllers\dashboard\piController))
 9 SYSTEMPATH\CodeIgniter.php(351): CodeIgniter\CodeIgniter->handleRequest(null, Object(Config\Cache), false)
10 FCPATH\index.php(67): CodeIgniter\CodeIgniter->run()
CRITICAL - 2022-12-24 20:47:53 --> include( ): Failed to open stream: Permission denied
in APPPATH\Views\dashboard\registroP.php on line 15.
 1 APPPATH\Views\dashboard\registroP.php(15): CodeIgniter\Debug\Exceptions->errorHandler(2, 'include( ): Failed to open stream: Permission denied', 'APPPATH\\Views\\dashboard\\registroP.php', 15)
 2 APPPATH\Views\dashboard\registroP.php(15): include()
 3 SYSTEMPATH\View\View.php(213): include('APPPATH\\Views\\dashboard\\registroP.php')
 4 SYSTEMPATH\View\View.php(216): CodeIgniter\View\View->CodeIgniter\View\{closure}()
 5 SYSTEMPATH\Common.php(1134): CodeIgniter\View\View->render('dashboard/registroP', [], true)
 6 APPPATH\Controllers\dashboard\piController.php(74): view('dashboard/registroP')
 7 SYSTEMPATH\CodeIgniter.php(927): App\Controllers\dashboard\piController->registrarPatente()
 8 SYSTEMPATH\CodeIgniter.php(482): CodeIgniter\CodeIgniter->runController(Object(App\Controllers\dashboard\piController))
 9 SYSTEMPATH\CodeIgniter.php(351): CodeIgniter\CodeIgniter->handleRequest(null, Object(Config\Cache), false)
10 FCPATH\index.php(67): CodeIgniter\CodeIgniter->run()
CRITICAL - 2022-12-24 20:48:04 --> include( ): Failed to open stream: Permission denied
in APPPATH\Views\dashboard\registroP.php on line 15.
 1 APPPATH\Views\dashboard\registroP.php(15): CodeIgniter\Debug\Exceptions->errorHandler(2, 'include( ): Failed to open stream: Permission denied', 'APPPATH\\Views\\dashboard\\registroP.php', 15)
 2 APPPATH\Views\dashboard\registroP.php(15): include()
 3 SYSTEMPATH\View\View.php(213): include('APPPATH\\Views\\dashboard\\registroP.php')
 4 SYSTEMPATH\View\View.php(216): CodeIgniter\View\View->CodeIgniter\View\{closure}()
 5 SYSTEMPATH\Common.php(1134): CodeIgniter\View\View->render('dashboard/registroP', [], true)
 6 APPPATH\Controllers\dashboard\piController.php(74): view('dashboard/registroP')
 7 SYSTEMPATH\CodeIgniter.php(927): App\Controllers\dashboard\piController->registrarPatente()
 8 SYSTEMPATH\CodeIgniter.php(482): CodeIgniter\CodeIgniter->runController(Object(App\Controllers\dashboard\piController))
 9 SYSTEMPATH\CodeIgniter.php(351): CodeIgniter\CodeIgniter->handleRequest(null, Object(Config\Cache), false)
10 FCPATH\index.php(67): CodeIgniter\CodeIgniter->run()
CRITICAL - 2022-12-24 20:49:28 --> include( ): Failed to open stream: Permission denied
in APPPATH\Views\dashboard\registroP.php on line 15.
 1 APPPATH\Views\dashboard\registroP.php(15): CodeIgniter\Debug\Exceptions->errorHandler(2, 'include( ): Failed to open stream: Permission denied', 'APPPATH\\Views\\dashboard\\registroP.php', 15)
 2 APPPATH\Views\dashboard\registroP.php(15): include()
 3 SYSTEMPATH\View\View.php(213): include('APPPATH\\Views\\dashboard\\registroP.php')
 4 SYSTEMPATH\View\View.php(216): CodeIgniter\View\View->CodeIgniter\View\{closure}()
 5 SYSTEMPATH\Common.php(1134): CodeIgniter\View\View->render('dashboard/registroP', [], true)
 6 APPPATH\Controllers\dashboard\piController.php(74): view('dashboard/registroP')
 7 SYSTEMPATH\CodeIgniter.php(927): App\Controllers\dashboard\piController->registrarPatente()
 8 SYSTEMPATH\CodeIgniter.php(482): CodeIgniter\CodeIgniter->runController(Object(App\Controllers\dashboard\piController))
 9 SYSTEMPATH\CodeIgniter.php(351): CodeIgniter\CodeIgniter->handleRequest(null, Object(Config\Cache), false)
10 FCPATH\index.php(67): CodeIgniter\CodeIgniter->run()
CRITICAL - 2022-12-24 20:52:21 --> include( ): Failed to open stream: Permission denied
in APPPATH\Views\dashboard\registroP.php on line 15.
 1 APPPATH\Views\dashboard\registroP.php(15): CodeIgniter\Debug\Exceptions->errorHandler(2, 'include( ): Failed to open stream: Permission denied', 'APPPATH\\Views\\dashboard\\registroP.php', 15)
 2 APPPATH\Views\dashboard\registroP.php(15): include()
 3 SYSTEMPATH\View\View.php(213): include('APPPATH\\Views\\dashboard\\registroP.php')
 4 SYSTEMPATH\View\View.php(216): CodeIgniter\View\View->CodeIgniter\View\{closure}()
 5 SYSTEMPATH\Common.php(1134): CodeIgniter\View\View->render('dashboard/registroP', [], true)
 6 APPPATH\Controllers\dashboard\piController.php(74): view('dashboard/registroP')
 7 SYSTEMPATH\CodeIgniter.php(927): App\Controllers\dashboard\piController->registrarPatente()
 8 SYSTEMPATH\CodeIgniter.php(482): CodeIgniter\CodeIgniter->runController(Object(App\Controllers\dashboard\piController))
 9 SYSTEMPATH\CodeIgniter.php(351): CodeIgniter\CodeIgniter->handleRequest(null, Object(Config\Cache), false)
10 FCPATH\index.php(67): CodeIgniter\CodeIgniter->run()
CRITICAL - 2022-12-24 21:56:42 --> file_get_contents(/Seg-Pi2/public/sendEmail): Failed to open stream: No such file or directory
in APPPATH\Controllers\dashboard\piController.php on line 68.
 1 [internal function]: CodeIgniter\Debug\Exceptions->errorHandler(2, 'file_get_contents(/Seg-Pi2/public/sendEmail): Failed to open stream: No such file or directory', 'APPPATH\\Controllers\\dashboard\\piController.php', 68)
 2 APPPATH\Controllers\dashboard\piController.php(68): file_get_contents('/Seg-Pi2/public/sendEmail', false, resource (stream-context))
 3 SYSTEMPATH\CodeIgniter.php(927): App\Controllers\dashboard\piController->insertar()
 4 SYSTEMPATH\CodeIgniter.php(482): CodeIgniter\CodeIgniter->runController(Object(App\Controllers\dashboard\piController))
 5 SYSTEMPATH\CodeIgniter.php(351): CodeIgniter\CodeIgniter->handleRequest(null, Object(Config\Cache), false)
 6 FCPATH\index.php(67): CodeIgniter\CodeIgniter->run()
CRITICAL - 2022-12-24 22:01:04 --> file_get_contents(): SSL operation failed with code 1. OpenSSL Error messages:
error:1416F086:SSL routines:tls_process_server_certificate:certificate verify failed
in APPPATH\Controllers\dashboard\piController.php on line 68.
 1 [internal function]: CodeIgniter\Debug\Exceptions->errorHandler(2, 'file_get_contents(): SSL operation failed with code 1. OpenSSL Error messages:
error:1416F086:SSL routines:tls_process_server_certificate:certificate verify failed', 'APPPATH\\Controllers\\dashboard\\piController.php', 68)
 2 APPPATH\Controllers\dashboard\piController.php(68): file_get_contents('https://127.0.0.1/Seg-Pi2/public/sendEmail', false, resource (stream-context))
 3 SYSTEMPATH\CodeIgniter.php(927): App\Controllers\dashboard\piController->insertar()
 4 SYSTEMPATH\CodeIgniter.php(482): CodeIgniter\CodeIgniter->runController(Object(App\Controllers\dashboard\piController))
 5 SYSTEMPATH\CodeIgniter.php(351): CodeIgniter\CodeIgniter->handleRequest(null, Object(Config\Cache), false)
 6 FCPATH\index.php(67): CodeIgniter\CodeIgniter->run()
CRITICAL - 2022-12-24 22:01:27 --> Undefined array key "nombreR"
in APPPATH\Views\dashboard\Correos.php on line 12.
 1 APPPATH\Views\dashboard\Correos.php(12): CodeIgniter\Debug\Exceptions->errorHandler(2, 'Undefined array key "nombreR"', 'APPPATH\\Views\\dashboard\\Correos.php', 12)
 2 SYSTEMPATH\View\View.php(213): include('APPPATH\\Views\\dashboard\\Correos.php')
 3 SYSTEMPATH\View\View.php(216): CodeIgniter\View\View->CodeIgniter\View\{closure}()
 4 SYSTEMPATH\Common.php(1134): CodeIgniter\View\View->render('dashboard/Correos', [], true)
 5 APPPATH\Controllers\dashboard\piController.php(95): view('dashboard/Correos')
 6 SYSTEMPATH\CodeIgniter.php(927): App\Controllers\dashboard\piController->correo()
 7 SYSTEMPATH\CodeIgniter.php(482): CodeIgniter\CodeIgniter->runController(Object(App\Controllers\dashboard\piController))
 8 SYSTEMPATH\CodeIgniter.php(351): CodeIgniter\CodeIgniter->handleRequest(null, Object(Config\Cache), false)
 9 FCPATH\index.php(67): CodeIgniter\CodeIgniter->run()
CRITICAL - 2022-12-24 22:01:27 --> file_get_contents(http://127.0.0.1/Seg-Pi2/public/sendEmail): Failed to open stream: HTTP request failed! HTTP/1.1 500 Internal Server Error

in APPPATH\Controllers\dashboard\piController.php on line 68.
 1 [internal function]: CodeIgniter\Debug\Exceptions->errorHandler(2, 'file_get_contents(http://127.0.0.1/Seg-Pi2/public/sendEmail): Failed to open stream: HTTP request failed! HTTP/1.1 500 Internal Server Error
', 'APPPATH\\Controllers\\dashboard\\piController.php', 68)
 2 APPPATH\Controllers\dashboard\piController.php(68): file_get_contents('http://127.0.0.1/Seg-Pi2/public/sendEmail', false, resource (stream-context))
 3 SYSTEMPATH\CodeIgniter.php(927): App\Controllers\dashboard\piController->insertar()
 4 SYSTEMPATH\CodeIgniter.php(482): CodeIgniter\CodeIgniter->runController(Object(App\Controllers\dashboard\piController))
 5 SYSTEMPATH\CodeIgniter.php(351): CodeIgniter\CodeIgniter->handleRequest(null, Object(Config\Cache), false)
 6 FCPATH\index.php(67): CodeIgniter\CodeIgniter->run()
CRITICAL - 2022-12-24 22:05:26 --> file_get_contents(/Seg-Pi2/public/sendEmail): Failed to open stream: No such file or directory
in APPPATH\Controllers\dashboard\piController.php on line 68.
 1 [internal function]: CodeIgniter\Debug\Exceptions->errorHandler(2, 'file_get_contents(/Seg-Pi2/public/sendEmail): Failed to open stream: No such file or directory', 'APPPATH\\Controllers\\dashboard\\piController.php', 68)
 2 APPPATH\Controllers\dashboard\piController.php(68): file_get_contents('/Seg-Pi2/public/sendEmail', false, resource (stream-context))
 3 SYSTEMPATH\CodeIgniter.php(927): App\Controllers\dashboard\piController->insertar()
 4 SYSTEMPATH\CodeIgniter.php(482): CodeIgniter\CodeIgniter->runController(Object(App\Controllers\dashboard\piController))
 5 SYSTEMPATH\CodeIgniter.php(351): CodeIgniter\CodeIgniter->handleRequest(null, Object(Config\Cache), false)
 6 FCPATH\index.php(67): CodeIgniter\CodeIgniter->run()
CRITICAL - 2022-12-24 22:06:21 --> file_get_contents(localhost/Seg-Pi2/public/sendEmail): Failed to open stream: No such file or directory
in APPPATH\Controllers\dashboard\piController.php on line 68.
 1 [internal function]: CodeIgniter\Debug\Exceptions->errorHandler(2, 'file_get_contents(localhost/Seg-Pi2/public/sendEmail): Failed to open stream: No such file or directory', 'APPPATH\\Controllers\\dashboard\\piController.php', 68)
 2 APPPATH\Controllers\dashboard\piController.php(68): file_get_contents('localhost/Seg-Pi2/public/sendEmail', false, resource (stream-context))
 3 SYSTEMPATH\CodeIgniter.php(927): App\Controllers\dashboard\piController->insertar()
 4 SYSTEMPATH\CodeIgniter.php(482): CodeIgniter\CodeIgniter->runController(Object(App\Controllers\dashboard\piController))
 5 SYSTEMPATH\CodeIgniter.php(351): CodeIgniter\CodeIgniter->handleRequest(null, Object(Config\Cache), false)
 6 FCPATH\index.php(67): CodeIgniter\CodeIgniter->run()
CRITICAL - 2022-12-24 22:14:20 --> require(PHPMailer/Exception.php): Failed to open stream: No such file or directory
in APPPATH\Controllers\dashboard\piController.php on line 12.
 1 APPPATH\Controllers\dashboard\piController.php(12): CodeIgniter\Debug\Exceptions->errorHandler(2, 'require(PHPMailer/Exception.php): Failed to open stream: No such file or directory', 'APPPATH\\Controllers\\dashboard\\piController.php', 12)
 2 APPPATH\Controllers\dashboard\piController.php(12): require()
 3 SYSTEMPATH\Autoloader\Autoloader.php(282): include_once('APPPATH\\Controllers\\dashboard\\piController.php')
 4 SYSTEMPATH\Autoloader\Autoloader.php(259): CodeIgniter\Autoloader\Autoloader->includeFile('APPPATH\\Controllers\\dashboard\\piController.php')
 5 SYSTEMPATH\Autoloader\Autoloader.php(237): CodeIgniter\Autoloader\Autoloader->loadInNamespace('App\\Controllers\\dashboard\\piController')
 6 [internal function]: CodeIgniter\Autoloader\Autoloader->loadClass('App\\Controllers\\dashboard\\piController')
 7 SYSTEMPATH\CodeIgniter.php(877): class_exists('\\App\\Controllers\\dashboard\\piController', true)
 8 SYSTEMPATH\CodeIgniter.php(469): CodeIgniter\CodeIgniter->startController()
 9 SYSTEMPATH\CodeIgniter.php(351): CodeIgniter\CodeIgniter->handleRequest(null, Object(Config\Cache), false)
10 FCPATH\index.php(67): CodeIgniter\CodeIgniter->run()
CRITICAL - 2022-12-24 22:17:10 --> require(./app/Views/dashboard/Phpmailer/Exception.php): Failed to open stream: No such file or directory
in APPPATH\Controllers\dashboard\piController.php on line 12.
 1 APPPATH\Controllers\dashboard\piController.php(12): CodeIgniter\Debug\Exceptions->errorHandler(2, 'require(./app/Views/dashboard/Phpmailer/Exception.php): Failed to open stream: No such file or directory', 'APPPATH\\Controllers\\dashboard\\piController.php', 12)
 2 APPPATH\Controllers\dashboard\piController.php(12): require()
 3 SYSTEMPATH\Autoloader\Autoloader.php(282): include_once('APPPATH\\Controllers\\dashboard\\piController.php')
 4 SYSTEMPATH\Autoloader\Autoloader.php(259): CodeIgniter\Autoloader\Autoloader->includeFile('APPPATH\\Controllers\\dashboard\\piController.php')
 5 SYSTEMPATH\Autoloader\Autoloader.php(237): CodeIgniter\Autoloader\Autoloader->loadInNamespace('App\\Controllers\\dashboard\\piController')
 6 [internal function]: CodeIgniter\Autoloader\Autoloader->loadClass('App\\Controllers\\dashboard\\piController')
 7 SYSTEMPATH\CodeIgniter.php(877): class_exists('\\App\\Controllers\\dashboard\\piController', true)
 8 SYSTEMPATH\CodeIgniter.php(469): CodeIgniter\CodeIgniter->startController()
 9 SYSTEMPATH\CodeIgniter.php(351): CodeIgniter\CodeIgniter->handleRequest(null, Object(Config\Cache), false)
10 FCPATH\index.php(67): CodeIgniter\CodeIgniter->run()
CRITICAL - 2022-12-24 22:18:56 --> require(../Seg-Pi2/app/Views/dashboard/Phpmailer/Exception.php): Failed to open stream: No such file or directory
in APPPATH\Controllers\dashboard\piController.php on line 12.
 1 APPPATH\Controllers\dashboard\piController.php(12): CodeIgniter\Debug\Exceptions->errorHandler(2, 'require(../Seg-Pi2/app/Views/dashboard/Phpmailer/Exception.php): Failed to open stream: No such file or directory', 'APPPATH\\Controllers\\dashboard\\piController.php', 12)
 2 APPPATH\Controllers\dashboard\piController.php(12): require()
 3 SYSTEMPATH\Autoloader\Autoloader.php(282): include_once('APPPATH\\Controllers\\dashboard\\piController.php')
 4 SYSTEMPATH\Autoloader\Autoloader.php(259): CodeIgniter\Autoloader\Autoloader->includeFile('APPPATH\\Controllers\\dashboard\\piController.php')
 5 SYSTEMPATH\Autoloader\Autoloader.php(237): CodeIgniter\Autoloader\Autoloader->loadInNamespace('App\\Controllers\\dashboard\\piController')
 6 [internal function]: CodeIgniter\Autoloader\Autoloader->loadClass('App\\Controllers\\dashboard\\piController')
 7 SYSTEMPATH\CodeIgniter.php(877): class_exists('\\App\\Controllers\\dashboard\\piController', true)
 8 SYSTEMPATH\CodeIgniter.php(469): CodeIgniter\CodeIgniter->startController()
 9 SYSTEMPATH\CodeIgniter.php(351): CodeIgniter\CodeIgniter->handleRequest(null, Object(Config\Cache), false)
10 FCPATH\index.php(67): CodeIgniter\CodeIgniter->run()
CRITICAL - 2022-12-24 22:24:54 --> include( ): Failed to open stream: Permission denied
in APPPATH\Views\dashboard\registroP.php on line 15.
 1 APPPATH\Views\dashboard\registroP.php(15): CodeIgniter\Debug\Exceptions->errorHandler(2, 'include( ): Failed to open stream: Permission denied', 'APPPATH\\Views\\dashboard\\registroP.php', 15)
 2 APPPATH\Views\dashboard\registroP.php(15): include()
 3 SYSTEMPATH\View\View.php(213): include('APPPATH\\Views\\dashboard\\registroP.php')
 4 SYSTEMPATH\View\View.php(216): CodeIgniter\View\View->CodeIgniter\View\{closure}()
 5 SYSTEMPATH\Common.php(1134): CodeIgniter\View\View->render('dashboard/registroP', [], true)
 6 APPPATH\Controllers\dashboard\piController.php(131): view('dashboard/registroP')
 7 SYSTEMPATH\CodeIgniter.php(927): App\Controllers\dashboard\piController->registrarPatente()
 8 SYSTEMPATH\CodeIgniter.php(482): CodeIgniter\CodeIgniter->runController(Object(App\Controllers\dashboard\piController))
 9 SYSTEMPATH\CodeIgniter.php(351): CodeIgniter\CodeIgniter->handleRequest(null, Object(Config\Cache), false)
10 FCPATH\index.php(67): CodeIgniter\CodeIgniter->run()
