CRITICAL - 2022-12-22 19:47:33 --> mail(): Multiple or malformed newlines found in additional_header
in APPPATH\Views\dashboard\Correos.php on line 42.
 1 [internal function]: CodeIgniter\Debug\Exceptions->errorHandler(2, 'mail(): Multiple or malformed newlines found in additional_header', 'APPPATH\\Views\\dashboard\\Correos.php', 42)
 2 APPPATH\Views\dashboard\Correos.php(42): mail('carlostrejo182@gmail.com', 'Bienvenido al Sistema de Patentes del TecNM.', 'Bienvenid@ dddddddddddd ddddddddd dddddddddddd gracias por completar tu registro con nosotros<br>
        Corrobora tus datos:<br><b>Correo de registro: </b>carlostrejo182@gmail.com<br><b>Teléfono: </b>5519040699<br><b>Rol o Cargo Administrativo: </b>Administrativo</b></b>
        <html>
            <head>
                <title>Inicia Sesión</title>
            </head>
            <body>
                <a class="enlace" href="http://localhost/Seg-Pi2/public/" style="border:6px outset #addbff; background-color:#addbff; text-decoration: none; font-weight: 700; color: black;">INICIAR SESIÓN</a>
            </body>
        </html>', ' From: sistemapatentestecnm@gmail.com')
 3 APPPATH\Views\dashboard\Correos.php(52): SendPHPEmail->sendNow()
 4 SYSTEMPATH\View\View.php(213): include('APPPATH\\Views\\dashboard\\Correos.php')
 5 SYSTEMPATH\View\View.php(216): CodeIgniter\View\View->CodeIgniter\View\{closure}()
 6 SYSTEMPATH\Common.php(1134): CodeIgniter\View\View->render('dashboard/Correos', [], true)
 7 APPPATH\Controllers\dashboard\piController.php(80): view('dashboard/Correos')
 8 SYSTEMPATH\CodeIgniter.php(927): App\Controllers\dashboard\piController->correo()
 9 SYSTEMPATH\CodeIgniter.php(482): CodeIgniter\CodeIgniter->runController(Object(App\Controllers\dashboard\piController))
10 SYSTEMPATH\CodeIgniter.php(351): CodeIgniter\CodeIgniter->handleRequest(null, Object(Config\Cache), false)
11 FCPATH\index.php(67): CodeIgniter\CodeIgniter->run()
CRITICAL - 2022-12-22 19:49:44 --> mail(): Multiple or malformed newlines found in additional_header
in APPPATH\Views\dashboard\Correos.php on line 44.
 1 [internal function]: CodeIgniter\Debug\Exceptions->errorHandler(2, 'mail(): Multiple or malformed newlines found in additional_header', 'APPPATH\\Views\\dashboard\\Correos.php', 44)
 2 APPPATH\Views\dashboard\Correos.php(44): mail('carlostrejo182@gmail.com', 'Bienvenido al Sistema de Patentes del TecNM.', 'Bienvenid@ dddddddddddd ddddddddd dddddddddddd gracias por completar tu registro con nosotros<br>
        Corrobora tus datos:<br><b>Correo de registro: </b>carlostrejo182@gmail.com<br><b>Teléfono: </b>5519040699<br><b>Rol o Cargo Administrativo: </b>Administrativo</b></b>
        <html>
            <head>
                <title>Inicia Sesión</title>
            </head>
            <body>
                <a class="enlace" href="http://localhost/Seg-Pi2/public/" style="border:6px outset #addbff; background-color:#addbff; text-decoration: none; font-weight: 700; color: black;">INICIAR SESIÓN</a>
            </body>
        </html>', ' From: sistemapatentestecnm@gmail.com')
 3 APPPATH\Views\dashboard\Correos.php(54): SendPHPEmail->sendNow()
 4 SYSTEMPATH\View\View.php(213): include('APPPATH\\Views\\dashboard\\Correos.php')
 5 SYSTEMPATH\View\View.php(216): CodeIgniter\View\View->CodeIgniter\View\{closure}()
 6 SYSTEMPATH\Common.php(1134): CodeIgniter\View\View->render('dashboard/Correos', [], true)
 7 APPPATH\Controllers\dashboard\piController.php(80): view('dashboard/Correos')
 8 SYSTEMPATH\CodeIgniter.php(927): App\Controllers\dashboard\piController->correo()
 9 SYSTEMPATH\CodeIgniter.php(482): CodeIgniter\CodeIgniter->runController(Object(App\Controllers\dashboard\piController))
10 SYSTEMPATH\CodeIgniter.php(351): CodeIgniter\CodeIgniter->handleRequest(null, Object(Config\Cache), false)
11 FCPATH\index.php(67): CodeIgniter\CodeIgniter->run()
CRITICAL - 2022-12-22 20:27:36 --> Trying to access array offset on value of type null
in APPPATH\Views\dashboard\Correos.php on line 32.
 1 APPPATH\Views\dashboard\Correos.php(32): CodeIgniter\Debug\Exceptions->errorHandler(2, 'Trying to access array offset on value of type null', 'APPPATH\\Views\\dashboard\\Correos.php', 32)
 2 APPPATH\Views\dashboard\Correos.php(41): SendPHPEmail->sendNow()
 3 SYSTEMPATH\View\View.php(213): include('APPPATH\\Views\\dashboard\\Correos.php')
 4 SYSTEMPATH\View\View.php(216): CodeIgniter\View\View->CodeIgniter\View\{closure}()
 5 SYSTEMPATH\Common.php(1134): CodeIgniter\View\View->render('dashboard/Correos', [], true)
 6 APPPATH\Controllers\dashboard\piController.php(80): view('dashboard/Correos')
 7 SYSTEMPATH\CodeIgniter.php(927): App\Controllers\dashboard\piController->correo()
 8 SYSTEMPATH\CodeIgniter.php(482): CodeIgniter\CodeIgniter->runController(Object(App\Controllers\dashboard\piController))
 9 SYSTEMPATH\CodeIgniter.php(351): CodeIgniter\CodeIgniter->handleRequest(null, Object(Config\Cache), false)
10 FCPATH\index.php(67): CodeIgniter\CodeIgniter->run()
